# timestamp | duration | file | instruction | dir | modtime | etag | size | fileId | status | errorString | http result code | other size | other modtime | other etag | other fileId | other instruction
#=#=#=# Syncrun started 2015-10-19T09:13:39 until 2015-10-19T09:13:40 (1575 msec)
14:14:06|232|libraries|INST_NEW|Up|1444850051||0||4||201|0|0|||INST_NONE|
14:14:06|1187|libraries/readme.txt|INST_NEW|Up|1444850051||87||4||201|0|0|||INST_NONE|
14:14:06|249|sketch_oct18a|INST_NEW|Up|1445190646||0||4||201|0|0|||INST_NONE|
14:14:06|1032|sketch_oct18a/sketch_oct18a.ino|INST_NEW|Up|1445190646||172||4||201|0|0|||INST_NONE|
14:14:06|198|sketch_oct18b|INST_NEW|Up|1445192449||0||4||201|0|0|||INST_NONE|
14:14:06|1022|sketch_oct18b/sketch_oct18b.ino|INST_NEW|Up|1445192449||174||4||201|0|0|||INST_NONE|
#=#=#=# Syncrun started 2015-10-19T09:14:15 until 2015-10-19T09:14:15 (357 msec)
#=#=#=# Syncrun started 2015-10-19T11:14:45 until 2015-10-19T11:14:45 (131 msec)
#=#=#=# Syncrun started 2015-10-19T13:15:15 until 2015-10-19T13:15:15 (150 msec)
#=#=#=# Syncrun started 2015-10-19T13:49:27 until 2015-10-19T13:49:27 (121 msec)
#=#=#=# Syncrun started 2015-10-19T15:49:54 until 2015-10-19T15:49:54 (96 msec)
#=#=#=# Syncrun started 2015-10-20T08:21:28 until 2015-10-20T08:21:28 (98 msec)
#=#=#=# Syncrun started 2015-10-20T08:23:54 until 2015-10-20T08:23:54 (103 msec)
#=#=#=# Syncrun started 2015-10-20T10:24:21 until 2015-10-20T10:24:21 (99 msec)
#=#=#=# Syncrun started 2015-10-20T12:24:51 until 2015-10-20T12:24:51 (153 msec)
#=#=#=# Syncrun started 2015-10-20T17:21:25 until 2015-10-20T17:21:25 (105 msec)
#=#=#=# Syncrun started 2015-10-20T19:21:54 until 2015-10-20T19:21:54 (110 msec)
#=#=#=# Syncrun started 2015-10-20T19:59:00 until 2015-10-20T19:59:00 (85 msec)
#=#=#=# Syncrun started 2015-10-21T08:09:28 until 2015-10-21T08:09:28 (125 msec)
#=#=#=# Syncrun started 2015-10-21T12:34:46 until 2015-10-21T12:34:46 (93 msec)
#=#=#=# Syncrun started 2015-10-21T17:19:56 until 2015-10-21T17:19:56 (117 msec)
#=#=#=# Syncrun started 2015-10-21T20:19:03 until 2015-10-21T20:19:04 (202 msec)
#=#=#=# Syncrun started 2015-10-21T20:35:21 until 2015-10-21T20:35:21 (75 msec)
#=#=#=# Syncrun started 2015-10-21T20:51:53 until 2015-10-21T20:51:53 (142 msec)
#=#=#=# Syncrun started 2015-10-22T08:16:31 until 2015-10-22T08:16:32 (305 msec)
#=#=#=# Syncrun started 2015-10-22T09:01:06 until 2015-10-22T09:01:07 (176 msec)
#=#=#=# Syncrun started 2015-10-22T11:47:41 until 2015-10-22T11:47:41 (106 msec)
#=#=#=# Syncrun started 2015-10-22T13:43:43 until 2015-10-22T13:43:43 (87 msec)
#=#=#=# Syncrun started 2015-10-22T18:32:43 until 2015-10-22T18:32:44 (132 msec)
#=#=#=# Syncrun started 2015-10-23T08:14:13 until 2015-10-23T08:14:13 (147 msec)
#=#=#=# Syncrun started 2015-10-23T10:14:39 until 2015-10-23T10:14:39 (151 msec)
#=#=#=# Syncrun started 2015-10-23T12:22:12 until 2015-10-23T12:22:12 (165 msec)
#=#=#=# Syncrun started 2015-10-23T14:22:39 until 2015-10-23T14:22:39 (130 msec)
#=#=#=# Syncrun started 2015-10-23T16:23:09 until 2015-10-23T16:23:09 (131 msec)
#=#=#=# Syncrun started 2015-10-23T20:57:00 until 2015-10-23T20:57:00 (9 msec)
#=#=#=# Syncrun started 2015-10-24T15:47:43 until 2015-10-24T15:52:43 (300131 msec)
#=#=#=# Syncrun started 2015-10-24T15:58:38 until 2015-10-24T15:59:42 (63508 msec)
#=#=#=# Syncrun started 2015-10-24T19:17:23 until 2015-10-25T11:47:49 (59426034 msec)
#=#=#=# Syncrun started 2015-10-25T12:16:18 until 2015-10-25T12:16:19 (90 msec)
#=#=#=# Syncrun started 2015-10-25T14:22:39 until 2015-10-25T14:22:42 (2389 msec)
#=#=#=# Syncrun started 2015-10-25T16:23:01 until 2015-10-25T16:23:01 (145 msec)
#=#=#=# Syncrun started 2015-10-25T20:50:36 until 2015-10-25T20:50:37 (1020 msec)
#=#=#=# Syncrun started 2015-10-26T08:08:00 until 2015-10-26T08:08:00 (6 msec)
#=#=#=# Syncrun started 2015-10-26T08:08:59 until 2015-10-26T08:09:00 (461 msec)
#=#=#=# Syncrun started 2015-10-26T10:09:26 until 2015-10-26T10:09:26 (140 msec)
#=#=#=# Syncrun started 2015-10-26T12:09:56 until 2015-10-26T12:09:56 (119 msec)
#=#=#=# Syncrun started 2015-10-26T14:10:16 until 2015-10-26T14:10:17 (495 msec)
#=#=#=# Syncrun started 2015-10-26T16:10:46 until 2015-10-26T16:10:47 (150 msec)
#=#=#=# Syncrun started 2015-10-27T09:46:17 until 2015-10-27T09:46:17 (114 msec)
#=#=#=# Syncrun started 2015-10-27T11:46:45 until 2015-10-27T11:46:45 (164 msec)
#=#=#=# Syncrun started 2015-10-27T13:47:15 until 2015-10-27T13:47:16 (416 msec)
#=#=#=# Syncrun started 2015-10-31T10:16:30 until 2015-10-31T10:16:31 (483 msec)
#=#=#=# Syncrun started 2015-10-31T10:17:03 until 2015-10-31T10:17:03 (98 msec)
#=#=#=# Syncrun started 2015-10-31T12:17:30 until 2015-10-31T12:17:30 (76 msec)
#=#=#=# Syncrun started 2015-10-31T14:18:00 until 2015-10-31T14:18:01 (118 msec)
#=#=#=# Syncrun started 2015-11-01T16:46:18 until 2015-11-01T16:46:18 (96 msec)
#=#=#=# Syncrun started 2015-11-01T18:11:39 until 2015-11-01T18:11:39 (151 msec)
#=#=#=# Syncrun started 2015-11-02T07:18:26 until 2015-11-02T07:18:26 (143 msec)
#=#=#=# Syncrun started 2015-11-02T09:18:46 until 2015-11-02T09:18:46 (155 msec)
#=#=#=# Syncrun started 2015-11-02T11:19:16 until 2015-11-02T11:19:16 (105 msec)
#=#=#=# Syncrun started 2015-11-02T13:19:46 until 2015-11-02T13:19:46 (136 msec)
#=#=#=# Syncrun started 2015-11-02T15:20:16 until 2015-11-02T15:20:16 (199 msec)
#=#=#=# Syncrun started 2015-11-02T17:20:46 until 2015-11-02T17:20:46 (171 msec)
#=#=#=# Syncrun started 2015-11-03T07:51:18 until 2015-11-03T07:51:18 (88 msec)
#=#=#=# Syncrun started 2015-11-03T09:51:44 until 2015-11-03T09:51:44 (157 msec)
#=#=#=# Syncrun started 2015-11-03T11:52:14 until 2015-11-03T11:52:15 (183 msec)
#=#=#=# Syncrun started 2015-11-03T13:47:22 until 2015-11-03T13:47:22 (159 msec)
#=#=#=# Syncrun started 2015-11-03T15:47:49 until 2015-11-03T15:47:49 (168 msec)
#=#=#=# Syncrun started 2015-11-04T08:14:16 until 2015-11-04T08:14:17 (494 msec)
#=#=#=# Syncrun started 2015-11-04T10:14:39 until 2015-11-04T10:14:39 (163 msec)
#=#=#=# Syncrun started 2015-11-04T12:23:10 until 2015-11-04T12:23:10 (105 msec)
#=#=#=# Syncrun started 2015-11-04T14:23:36 until 2015-11-04T14:23:36 (104 msec)
#=#=#=# Syncrun started 2015-11-06T09:28:26 until 2015-11-06T09:28:26 (130 msec)
#=#=#=# Syncrun started 2015-11-06T11:28:55 until 2015-11-06T11:28:55 (134 msec)
#=#=#=# Syncrun started 2015-11-06T13:29:25 until 2015-11-06T13:29:25 (96 msec)
#=#=#=# Syncrun started 2015-11-06T14:23:10 until 2015-11-06T14:23:10 (151 msec)
#=#=#=# Syncrun started 2015-11-06T20:27:33 until 2015-11-06T20:27:34 (263 msec)
#=#=#=# Syncrun started 2015-11-06T20:54:03 until 2015-11-06T20:54:03 (118 msec)
#=#=#=# Syncrun started 2015-11-07T09:19:43 until 2015-11-07T09:19:43 (115 msec)
#=#=#=# Syncrun started 2015-11-07T13:51:13 until 2015-11-07T13:51:13 (150 msec)
#=#=#=# Syncrun started 2015-11-07T16:21:45 until 2015-11-07T16:21:45 (129 msec)
#=#=#=# Syncrun started 2015-11-07T20:36:34 until 2015-11-07T20:36:34 (180 msec)
#=#=#=# Syncrun started 2015-11-08T11:15:49 until 2015-11-08T11:15:49 (101 msec)
#=#=#=# Syncrun started 2015-11-08T14:12:28 until 2015-11-08T14:12:28 (243 msec)
#=#=#=# Syncrun started 2015-11-09T08:13:38 until 2015-11-09T08:13:39 (189 msec)
#=#=#=# Syncrun started 2015-11-09T10:14:02 until 2015-11-09T10:14:03 (201 msec)
#=#=#=# Syncrun started 2015-11-09T12:14:32 until 2015-11-09T12:14:33 (116 msec)
#=#=#=# Syncrun started 2015-11-09T14:15:02 until 2015-11-09T14:15:03 (147 msec)
#=#=#=# Syncrun started 2015-11-09T16:15:32 until 2015-11-09T16:15:33 (104 msec)
#=#=#=# Syncrun started 2015-11-09T16:57:51 until 2015-11-09T16:57:51 (50 msec)
#=#=#=# Syncrun started 2015-11-09T16:58:32 until 2015-11-09T16:58:33 (161 msec)
#=#=#=# Syncrun started 2015-11-09T16:59:27 until 2015-11-09T16:59:27 (110 msec)
#=#=#=# Syncrun started 2015-11-10T08:04:43 until 2015-11-10T08:04:43 (160 msec)
#=#=#=# Syncrun started 2015-11-10T10:05:09 until 2015-11-10T10:05:09 (136 msec)
#=#=#=# Syncrun started 2015-11-10T11:22:02 until 2015-11-10T11:22:02 (91 msec)
#=#=#=# Syncrun started 2015-11-10T13:22:09 until 2015-11-10T13:22:09 (130 msec)
#=#=#=# Syncrun started 2015-11-10T15:22:39 until 2015-11-10T15:22:39 (168 msec)
#=#=#=# Syncrun started 2015-11-10T16:16:58 until 2015-11-10T16:16:58 (127 msec)
#=#=#=# Syncrun started 2015-11-10T18:40:33 until 2015-11-10T18:40:33 (63 msec)
#=#=#=# Syncrun started 2015-11-11T08:02:52 until 2015-11-11T08:02:52 (146 msec)
#=#=#=# Syncrun started 2015-11-11T12:26:29 until 2015-11-11T12:26:29 (110 msec)
#=#=#=# Syncrun started 2015-11-11T16:44:04 until 2015-11-11T16:44:05 (49 msec)
#=#=#=# Syncrun started 2015-11-12T07:56:38 until 2015-11-12T07:56:38 (77 msec)
#=#=#=# Syncrun started 2015-11-13T06:42:03 until 2015-11-13T06:42:04 (154 msec)
#=#=#=# Syncrun started 2015-11-13T08:42:22 until 2015-11-13T08:42:22 (188 msec)
#=#=#=# Syncrun started 2015-11-13T10:42:52 until 2015-11-13T10:42:52 (164 msec)
#=#=#=# Syncrun started 2015-11-13T12:37:08 until 2015-11-13T12:37:08 (204 msec)
#=#=#=# Syncrun started 2015-11-13T14:37:11 until 2015-11-13T14:37:11 (83 msec)
#=#=#=# Syncrun started 2015-11-13T16:37:40 until 2015-11-13T16:37:40 (137 msec)
#=#=#=# Syncrun started 2015-11-13T18:17:26 until 2015-11-13T18:17:26 (115 msec)
#=#=#=# Syncrun started 2015-11-13T19:11:12 until 2015-11-13T19:11:12 (187 msec)
#=#=#=# Syncrun started 2015-11-16T08:12:01 until 2015-11-16T08:12:01 (166 msec)
#=#=#=# Syncrun started 2015-11-16T08:22:29 until 2015-11-16T08:22:29 (206 msec)
#=#=#=# Syncrun started 2015-11-16T10:17:50 until 2015-11-16T10:17:50 (171 msec)
#=#=#=# Syncrun started 2015-11-16T11:11:17 until 2015-11-16T11:11:17 (216 msec)
#=#=#=# Syncrun started 2015-11-16T11:43:42 until 2015-11-16T11:43:42 (117 msec)
#=#=#=# Syncrun started 2015-11-16T12:19:01 until 2015-11-16T12:19:01 (156 msec)
#=#=#=# Syncrun started 2015-11-16T13:45:08 until 2015-11-16T13:45:08 (97 msec)
#=#=#=# Syncrun started 2015-11-16T15:23:17 until 2015-11-16T15:23:17 (94 msec)
#=#=#=# Syncrun started 2015-11-16T18:57:45 until 2015-11-16T18:57:45 (119 msec)
#=#=#=# Syncrun started 2015-11-16T20:58:12 until 2015-11-16T20:58:12 (93 msec)
#=#=#=# Syncrun started 2015-11-17T08:06:59 until 2015-11-17T08:06:59 (108 msec)
#=#=#=# Syncrun started 2015-11-17T10:15:45 until 2015-11-17T10:15:45 (232 msec)
#=#=#=# Syncrun started 2015-11-17T12:21:43 until 2015-11-17T12:21:43 (77 msec)
#=#=#=# Syncrun started 2015-11-17T13:45:31 until 2015-11-17T13:45:31 (424 msec)
#=#=#=# Syncrun started 2015-11-17T15:50:23 until 2015-11-17T15:50:24 (111 msec)
#=#=#=# Syncrun started 2015-11-18T08:10:09 until 2015-11-18T08:10:10 (133 msec)
#=#=#=# Syncrun started 2015-11-18T11:21:48 until 2015-11-18T11:21:50 (2600 msec)
#=#=#=# Syncrun started 2015-11-18T13:22:08 until 2015-11-18T13:22:08 (121 msec)
#=#=#=# Syncrun started 2015-11-18T14:13:32 until 2015-11-18T14:13:32 (94 msec)
#=#=#=# Syncrun started 2015-11-18T15:38:12 until 2015-11-18T15:38:12 (143 msec)
#=#=#=# Syncrun started 2015-11-18T16:54:32 until 2015-11-18T16:54:32 (117 msec)
#=#=#=# Syncrun started 2015-11-18T17:49:27 until 2015-11-18T17:49:27 (154 msec)
#=#=#=# Syncrun started 2015-11-18T18:46:14 until 2015-11-18T18:46:16 (2349 msec)
00:47:05|1098|sketch_nov18a|INST_NEW|Up|1447893972||0||4||201|0|0|||INST_NONE|
00:47:06|1116|sketch_nov18a/sketch_nov18a.ino|INST_NEW|Up|1447893972||2538||4||201|0|0|||INST_NONE|
#=#=#=# Syncrun started 2015-11-18T18:47:00 until 2015-11-18T18:47:00 (338 msec)
#=#=#=# Syncrun started 2015-11-18T18:48:13 until 2015-11-18T18:48:25 (12467 msec)
|0|libraries|INST_SYNC|Up|1447894091|5624faaf9d03b|0||0||0|0|1445264016|5624faaf9d03b|00004129oc1u30u83t89|INST_NONE|
00:49:04|946|libraries/rc-switch-master|INST_NEW|Up|1447894091||0||4||201|0|0|||INST_NONE|
00:49:05|7310|libraries/rc-switch-master/RCSwitch.cpp|INST_NEW|Up|1447894091||24777||4||201|0|0|||INST_NONE|
00:49:05|7308|libraries/rc-switch-master/RCSwitch.h|INST_NEW|Up|1447894091||5060||4||201|0|0|||INST_NONE|
00:49:05|7307|libraries/rc-switch-master/README.md|INST_NEW|Up|1447894091||792||4||201|0|0|||INST_NONE|
00:49:12|295|libraries/rc-switch-master/examples|INST_NEW|Up|1447894091||4096||4||201|0|0|||INST_NONE|
00:49:12|161|libraries/rc-switch-master/examples/ReceiveDemo_Advanced|INST_NEW|Up|1447894091||4096||4||201|0|0|||INST_NONE|
00:49:12|493|libraries/rc-switch-master/examples/ReceiveDemo_Advanced/ReceiveDemo_Advanced.pde|INST_NEW|Up|1447894091||594||4||201|0|0|||INST_NONE|
00:49:12|490|libraries/rc-switch-master/examples/ReceiveDemo_Advanced/helperfunctions.ino|INST_NEW|Up|1447894091||429||4||201|0|0|||INST_NONE|
00:49:12|527|libraries/rc-switch-master/examples/ReceiveDemo_Advanced/output.ino|INST_NEW|Up|1447894091||1329||4||201|0|0|||INST_NONE|
00:49:12|199|libraries/rc-switch-master/examples/ReceiveDemo_Simple|INST_NEW|Up|1447894091||0||4||201|0|0|||INST_NONE|
00:49:13|492|libraries/rc-switch-master/examples/ReceiveDemo_Simple/ReceiveDemo_Simple.pde|INST_NEW|Up|1447894091||752||4||201|0|0|||INST_NONE|
00:49:13|404|libraries/rc-switch-master/examples/SendDemo|INST_NEW|Up|1447894091||0||4||201|0|0|||INST_NONE|
00:49:13|810|libraries/rc-switch-master/examples/SendDemo/SendDemo.pde|INST_NEW|Up|1447894091||1208||4||201|0|0|||INST_NONE|
00:49:13|301|libraries/rc-switch-master/examples/TypeA_WithDIPSwitches|INST_NEW|Up|1447894091||0||4||201|0|0|||INST_NONE|
00:49:13|1014|libraries/rc-switch-master/examples/TypeA_WithDIPSwitches/TypeA_WithDIPSwitches.pde|INST_NEW|Up|1447894091||835||4||201|0|0|||INST_NONE|
00:49:13|375|libraries/rc-switch-master/examples/TypeA_WithDIPSwitches_Lightweight|INST_NEW|Up|1447894091||0||4||201|0|0|||INST_NONE|
00:49:14|918|libraries/rc-switch-master/examples/TypeA_WithDIPSwitches_Lightweight/TypeA_WithDIPSwitches_Lightweight.ino|INST_NEW|Up|1447894091||1097||4||201|0|0|||INST_NONE|
00:49:14|298|libraries/rc-switch-master/examples/TypeB_WithRotaryOrSlidingSwitches|INST_NEW|Up|1447894091||0||4||201|0|0|||INST_NONE|
00:49:14|516|libraries/rc-switch-master/examples/TypeB_WithRotaryOrSlidingSwitches/TypeB_WithRotaryOrSlidingSwitches.pde|INST_NEW|Up|1447894091||822||4||201|0|0|||INST_NONE|
00:49:14|310|libraries/rc-switch-master/examples/TypeC_Intertechno|INST_NEW|Up|1447894091||0||4||201|0|0|||INST_NONE|
00:49:15|577|libraries/rc-switch-master/examples/TypeC_Intertechno/TypeC_Intertechno.pde|INST_NEW|Up|1447894091||789||4||201|0|0|||INST_NONE|
00:49:15|296|libraries/rc-switch-master/examples/TypeD_REV|INST_NEW|Up|1447894091||0||4||201|0|0|||INST_NONE|
00:49:15|943|libraries/rc-switch-master/examples/TypeD_REV/TypeD_REV.ino|INST_NEW|Up|1447894091||710||4||201|0|0|||INST_NONE|
00:49:15|280|libraries/rc-switch-master/examples/Webserver|INST_NEW|Up|1447894091||0||4||201|0|0|||INST_NONE|
00:49:15|727|libraries/rc-switch-master/examples/Webserver/Webserver.pde|INST_NEW|Up|1447894091||3966||4||201|0|0|||INST_NONE|
00:49:12|517|libraries/rc-switch-master/keywords.txt|INST_NEW|Up|1447894091||1194||4||201|0|0|||INST_NONE|
#=#=#=# Syncrun started 2015-11-18T18:49:00 until 2015-11-18T18:49:01 (1133 msec)
#=#=#=# Syncrun started 2015-11-18T18:49:07 until 2015-11-18T18:49:12 (5012 msec)
|0|sketch_nov18a|INST_SYNC|Up|1447894145|564d1c0b1eca5|0||0||0|0|1447893980|564d1c0b1eca5|00004666oc1u30u83t89|INST_NONE|
00:49:58|4786|sketch_nov18a/sketch_nov18a.ino|INST_SYNC|Up|1447894145|8fed8588c0dd0bb7cf157062939687f3|2544||4||204|2538|1447893972|8fed8588c0dd0bb7cf157062939687f3|00004667oc1u30u83t89|INST_NONE|
#=#=#=# Syncrun started 2015-11-18T18:50:00 until 2015-11-18T18:50:00 (295 msec)
#=#=#=# Syncrun started 2015-11-18T19:47:29 until 2015-11-18T19:47:37 (7687 msec)
01:48:21|158|sketch_nov18c|INST_NEW|Up|1447897647||0||4||201|0|0|||INST_NONE|
01:48:21|7372|sketch_nov18c/sketch_nov18c.ino|INST_NEW|Up|1447897647||1898||4||201|0|0|||INST_NONE|
#=#=#=# Syncrun started 2015-11-18T19:48:11 until 2015-11-18T19:48:12 (1656 msec)
01:49:02|1462|sketch_nov18c/sketch_nov18c.ino|INST_SYNC|Up|1447897689|7cfd26ae8ed16e86eea952cd126bc056|1796||4||204|1898|1447897647|7cfd26ae8ed16e86eea952cd126bc056|00004698oc1u30u83t89|INST_NONE|
#=#=#=# Syncrun started 2015-11-18T19:48:31 until 2015-11-18T19:48:33 (1891 msec)
01:49:23|1628|sketch_nov18c/sketch_nov18c.ino|INST_SYNC|Up|1447897709|6d57ad1a395c46ddacdb7aa78f9f3c6f|1703||4||204|1796|1447897689|6d57ad1a395c46ddacdb7aa78f9f3c6f|00004698oc1u30u83t89|INST_NONE|
#=#=#=# Syncrun started 2015-11-18T19:49:22 until 2015-11-18T19:49:23 (291 msec)
#=#=#=# Syncrun started 2015-11-18T19:50:03 until 2015-11-18T19:50:11 (8095 msec)
|0|sketch_nov18c|INST_SYNC|Up|1447897801|564d2aa48a25f|0||0||0|0|1447897717|564d2aa48a25f|00004697oc1u30u83t89|INST_NONE|
01:50:55|7961|sketch_nov18c/sketch_nov18c.ino|INST_SYNC|Up|1447897801|6740516f2d78090f81ad900698056b36|2533||4||204|1703|1447897709|6740516f2d78090f81ad900698056b36|00004698oc1u30u83t89|INST_NONE|
#=#=#=# Syncrun started 2015-11-18T19:50:16 until 2015-11-18T19:50:17 (666 msec)
01:51:07|458|sketch_nov18c/sketch_nov18c.ino|INST_SYNC|Up|1447897808|9bff63cdeaaa797cd08f9527fc5d67b1|2535||4||204|2533|1447897801|9bff63cdeaaa797cd08f9527fc5d67b1|00004698oc1u30u83t89|INST_NONE|
#=#=#=# Syncrun started 2015-11-18T19:50:28 until 2015-11-18T19:50:29 (657 msec)
01:51:20|463|sketch_nov18c/sketch_nov18c.ino|INST_SYNC|Up|1447897826|32668832163e5665b46694fcfa64ead4|2541||4||204|2535|1447897808|32668832163e5665b46694fcfa64ead4|00004698oc1u30u83t89|INST_NONE|
#=#=#=# Syncrun started 2015-11-18T19:51:22 until 2015-11-18T19:51:22 (224 msec)
#=#=#=# Syncrun started 2015-11-18T20:04:51 until 2015-11-18T20:04:51 (125 msec)
